<?xml version="1.0" encoding="UTF-8"?>
<!-- Generated by org.testng.reporters.JUnitReportReporter -->
<testsuite hostname="VINOD" failures="0" tests="8" name="CucumberOptions.TestNGRunner" time="0.239" errors="0" timestamp="2024-07-31T21:00:39 IST" skipped="0">
  <testcase classname="CucumberOptions.TestNGRunner" name="runScenario" time="0.091"/>
  <testcase classname="CucumberOptions.TestNGRunner" name="runScenario" time="0.026"/>
  <testcase classname="CucumberOptions.TestNGRunner" name="runScenario" time="0.024"/>
  <testcase classname="CucumberOptions.TestNGRunner" name="runScenario" time="0.019"/>
  <testcase classname="CucumberOptions.TestNGRunner" name="runScenario" time="0.019"/>
  <testcase classname="CucumberOptions.TestNGRunner" name="runScenario" time="0.023"/>
  <testcase classname="CucumberOptions.TestNGRunner" name="runScenario" time="0.020"/>
  <testcase classname="CucumberOptions.TestNGRunner" name="runScenario" time="0.017"/>
</testsuite> <!-- CucumberOptions.TestNGRunner -->
